This is pdfTeX, Version 3.14159265-2.6-1.40.20 (MiKTeX 2.9.6960 64-bit) (preloaded format=pdflatex 2019.3.15)  11 APR 2019 01:33
entering extended mode
**./509Thesis.tex
(509Thesis.tex
LaTeX2e <2018-12-01>
("C:\Users\sjsha\AppData\Local\Programs\MiKTeX 2.9\tex/latex/base\article.cls"
Document Class: article 2018/09/03 v1.4i Standard LaTeX document class
("C:\Users\sjsha\AppData\Local\Programs\MiKTeX 2.9\tex/latex/base\size12.clo"
File: size12.clo 2018/09/03 v1.4i Standard LaTeX file (size option)
)
\c@part=\count80
\c@section=\count81
\c@subsection=\count82
\c@subsubsection=\count83
\c@paragraph=\count84
\c@subparagraph=\count85
\c@figure=\count86
\c@table=\count87
\abovecaptionskip=\skip41
\belowcaptionskip=\skip42
\bibindent=\dimen102
)
("C:\Users\sjsha\AppData\Local\Programs\MiKTeX 2.9\tex/latex/amsmath\amsmath.st
y"
Package: amsmath 2018/12/01 v2.17b AMS math features
\@mathmargin=\skip43

For additional information on amsmath, use the `?' option.

("C:\Users\sjsha\AppData\Local\Programs\MiKTeX 2.9\tex/latex/amsmath\amstext.st
y"
Package: amstext 2000/06/29 v2.01 AMS text

("C:\Users\sjsha\AppData\Local\Programs\MiKTeX 2.9\tex/latex/amsmath\amsgen.sty
"
File: amsgen.sty 1999/11/30 v2.0 generic functions
\@emptytoks=\toks14
\ex@=\dimen103
))
("C:\Users\sjsha\AppData\Local\Programs\MiKTeX 2.9\tex/latex/amsmath\amsbsy.sty
"
Package: amsbsy 1999/11/29 v1.2d Bold Symbols
\pmbraise@=\dimen104
)
("C:\Users\sjsha\AppData\Local\Programs\MiKTeX 2.9\tex/latex/amsmath\amsopn.sty
"
Package: amsopn 2016/03/08 v2.02 operator names
)
\inf@bad=\count88
LaTeX Info: Redefining \frac on input line 223.
\uproot@=\count89
\leftroot@=\count90
LaTeX Info: Redefining \overline on input line 385.
\classnum@=\count91
\DOTSCASE@=\count92
LaTeX Info: Redefining \ldots on input line 482.
LaTeX Info: Redefining \dots on input line 485.
LaTeX Info: Redefining \cdots on input line 606.
\Mathstrutbox@=\box27
\strutbox@=\box28
\big@size=\dimen105
LaTeX Font Info:    Redeclaring font encoding OML on input line 729.
LaTeX Font Info:    Redeclaring font encoding OMS on input line 730.
\macc@depth=\count93
\c@MaxMatrixCols=\count94
\dotsspace@=\muskip10
\c@parentequation=\count95
\dspbrk@lvl=\count96
\tag@help=\toks15
\row@=\count97
\column@=\count98
\maxfields@=\count99
\andhelp@=\toks16
\eqnshift@=\dimen106
\alignsep@=\dimen107
\tagshift@=\dimen108
\tagwidth@=\dimen109
\totwidth@=\dimen110
\lineht@=\dimen111
\@envbody=\toks17
\multlinegap=\skip44
\multlinetaggap=\skip45
\mathdisplay@stack=\toks18
LaTeX Info: Redefining \[ on input line 2844.
LaTeX Info: Redefining \] on input line 2845.
)
("C:\Users\sjsha\AppData\Local\Programs\MiKTeX 2.9\tex/latex/graphics\graphicx.
sty"
Package: graphicx 2017/06/01 v1.1a Enhanced LaTeX Graphics (DPC,SPQR)

("C:\Users\sjsha\AppData\Local\Programs\MiKTeX 2.9\tex/latex/graphics\keyval.st
y"
Package: keyval 2014/10/28 v1.15 key=value parser (DPC)
\KV@toks@=\toks19
)
("C:\Users\sjsha\AppData\Local\Programs\MiKTeX 2.9\tex/latex/graphics\graphics.
sty"
Package: graphics 2017/06/25 v1.2c Standard LaTeX Graphics (DPC,SPQR)

("C:\Users\sjsha\AppData\Local\Programs\MiKTeX 2.9\tex/latex/graphics\trig.sty"
Package: trig 2016/01/03 v1.10 sin cos tan (DPC)
)
("C:\Users\sjsha\AppData\Local\Programs\MiKTeX 2.9\tex/latex/graphics-cfg\graph
ics.cfg"
File: graphics.cfg 2016/06/04 v1.11 sample graphics configuration
)
Package graphics Info: Driver file: pdftex.def on input line 99.

("C:\Users\sjsha\AppData\Local\Programs\MiKTeX 2.9\tex/latex/graphics-def\pdfte
x.def"
File: pdftex.def 2018/01/08 v1.0l Graphics/color driver for pdftex
))
\Gin@req@height=\dimen112
\Gin@req@width=\dimen113
)
("C:\Users\sjsha\AppData\Local\Programs\MiKTeX 2.9\tex/latex/amsfonts\amssymb.s
ty"
Package: amssymb 2013/01/14 v3.01 AMS font symbols

("C:\Users\sjsha\AppData\Local\Programs\MiKTeX 2.9\tex/latex/amsfonts\amsfonts.
sty"
Package: amsfonts 2013/01/14 v3.01 Basic AMSFonts support
\symAMSa=\mathgroup4
\symAMSb=\mathgroup5
LaTeX Font Info:    Overwriting math alphabet `\mathfrak' in version `bold'
(Font)                  U/euf/m/n --> U/euf/b/n on input line 106.
))
("C:\Users\sjsha\AppData\Local\Programs\MiKTeX 2.9\tex/latex/base\textcomp.sty"
Package: textcomp 2018/08/11 v2.0j Standard LaTeX package
Package textcomp Info: Sub-encoding information:
(textcomp)               5 = only ISO-Adobe without \textcurrency
(textcomp)               4 = 5 + \texteuro
(textcomp)               3 = 4 + \textohm
(textcomp)               2 = 3 + \textestimated + \textcurrency
(textcomp)               1 = TS1 - \textcircled - \t
(textcomp)               0 = TS1 (full)
(textcomp)             Font families with sub-encoding setting implement
(textcomp)             only a restricted character set as indicated.
(textcomp)             Family '?' is the default used for unknown fonts.
(textcomp)             See the documentation for details.
Package textcomp Info: Setting ? sub-encoding to TS1/1 on input line 79.
("C:\Users\sjsha\AppData\Local\Programs\MiKTeX 2.9\tex/latex/base\ts1enc.def"
File: ts1enc.def 2001/06/05 v3.0e (jk/car/fm) Standard LaTeX file
Now handling font encoding TS1 ...
... processing UTF-8 mapping file for font encoding TS1

("C:\Users\sjsha\AppData\Local\Programs\MiKTeX 2.9\tex/latex/base\ts1enc.dfu"
File: ts1enc.dfu 2018/10/05 v1.2f UTF-8 support for inputenc
   defining Unicode char U+00A2 (decimal 162)
   defining Unicode char U+00A3 (decimal 163)
   defining Unicode char U+00A4 (decimal 164)
   defining Unicode char U+00A5 (decimal 165)
   defining Unicode char U+00A6 (decimal 166)
   defining Unicode char U+00A7 (decimal 167)
   defining Unicode char U+00A8 (decimal 168)
   defining Unicode char U+00A9 (decimal 169)
   defining Unicode char U+00AA (decimal 170)
   defining Unicode char U+00AC (decimal 172)
   defining Unicode char U+00AE (decimal 174)
   defining Unicode char U+00AF (decimal 175)
   defining Unicode char U+00B0 (decimal 176)
   defining Unicode char U+00B1 (decimal 177)
   defining Unicode char U+00B2 (decimal 178)
   defining Unicode char U+00B3 (decimal 179)
   defining Unicode char U+00B4 (decimal 180)
   defining Unicode char U+00B5 (decimal 181)
   defining Unicode char U+00B6 (decimal 182)
   defining Unicode char U+00B7 (decimal 183)
   defining Unicode char U+00B9 (decimal 185)
   defining Unicode char U+00BA (decimal 186)
   defining Unicode char U+00BC (decimal 188)
   defining Unicode char U+00BD (decimal 189)
   defining Unicode char U+00BE (decimal 190)
   defining Unicode char U+00D7 (decimal 215)
   defining Unicode char U+00F7 (decimal 247)
   defining Unicode char U+0192 (decimal 402)
   defining Unicode char U+02C7 (decimal 711)
   defining Unicode char U+02D8 (decimal 728)
   defining Unicode char U+02DD (decimal 733)
   defining Unicode char U+0E3F (decimal 3647)
   defining Unicode char U+2016 (decimal 8214)
   defining Unicode char U+2020 (decimal 8224)
   defining Unicode char U+2021 (decimal 8225)
   defining Unicode char U+2022 (decimal 8226)
   defining Unicode char U+2030 (decimal 8240)
   defining Unicode char U+2031 (decimal 8241)
   defining Unicode char U+203B (decimal 8251)
   defining Unicode char U+203D (decimal 8253)
   defining Unicode char U+2044 (decimal 8260)
   defining Unicode char U+204E (decimal 8270)
   defining Unicode char U+2052 (decimal 8274)
   defining Unicode char U+20A1 (decimal 8353)
   defining Unicode char U+20A4 (decimal 8356)
   defining Unicode char U+20A6 (decimal 8358)
   defining Unicode char U+20A9 (decimal 8361)
   defining Unicode char U+20AB (decimal 8363)
   defining Unicode char U+20AC (decimal 8364)
   defining Unicode char U+20B1 (decimal 8369)
   defining Unicode char U+2103 (decimal 8451)
   defining Unicode char U+2116 (decimal 8470)
   defining Unicode char U+2117 (decimal 8471)
   defining Unicode char U+211E (decimal 8478)
   defining Unicode char U+2120 (decimal 8480)
   defining Unicode char U+2122 (decimal 8482)
   defining Unicode char U+2126 (decimal 8486)
   defining Unicode char U+2127 (decimal 8487)
   defining Unicode char U+212E (decimal 8494)
   defining Unicode char U+2190 (decimal 8592)
   defining Unicode char U+2191 (decimal 8593)
   defining Unicode char U+2192 (decimal 8594)
   defining Unicode char U+2193 (decimal 8595)
   defining Unicode char U+2329 (decimal 9001)
   defining Unicode char U+232A (decimal 9002)
   defining Unicode char U+2422 (decimal 9250)
   defining Unicode char U+25E6 (decimal 9702)
   defining Unicode char U+25EF (decimal 9711)
   defining Unicode char U+266A (decimal 9834)
   defining Unicode char U+FEFF (decimal 65279)
))
LaTeX Info: Redefining \oldstylenums on input line 334.
Package textcomp Info: Setting cmr sub-encoding to TS1/0 on input line 349.
Package textcomp Info: Setting cmss sub-encoding to TS1/0 on input line 350.
Package textcomp Info: Setting cmtt sub-encoding to TS1/0 on input line 351.
Package textcomp Info: Setting cmvtt sub-encoding to TS1/0 on input line 352.
Package textcomp Info: Setting cmbr sub-encoding to TS1/0 on input line 353.
Package textcomp Info: Setting cmtl sub-encoding to TS1/0 on input line 354.
Package textcomp Info: Setting ccr sub-encoding to TS1/0 on input line 355.
Package textcomp Info: Setting ptm sub-encoding to TS1/4 on input line 356.
Package textcomp Info: Setting pcr sub-encoding to TS1/4 on input line 357.
Package textcomp Info: Setting phv sub-encoding to TS1/4 on input line 358.
Package textcomp Info: Setting ppl sub-encoding to TS1/3 on input line 359.
Package textcomp Info: Setting pag sub-encoding to TS1/4 on input line 360.
Package textcomp Info: Setting pbk sub-encoding to TS1/4 on input line 361.
Package textcomp Info: Setting pnc sub-encoding to TS1/4 on input line 362.
Package textcomp Info: Setting pzc sub-encoding to TS1/4 on input line 363.
Package textcomp Info: Setting bch sub-encoding to TS1/4 on input line 364.
Package textcomp Info: Setting put sub-encoding to TS1/5 on input line 365.
Package textcomp Info: Setting uag sub-encoding to TS1/5 on input line 366.
Package textcomp Info: Setting ugq sub-encoding to TS1/5 on input line 367.
Package textcomp Info: Setting ul8 sub-encoding to TS1/4 on input line 368.
Package textcomp Info: Setting ul9 sub-encoding to TS1/4 on input line 369.
Package textcomp Info: Setting augie sub-encoding to TS1/5 on input line 370.
Package textcomp Info: Setting dayrom sub-encoding to TS1/3 on input line 371.
Package textcomp Info: Setting dayroms sub-encoding to TS1/3 on input line 372.

Package textcomp Info: Setting pxr sub-encoding to TS1/0 on input line 373.
Package textcomp Info: Setting pxss sub-encoding to TS1/0 on input line 374.
Package textcomp Info: Setting pxtt sub-encoding to TS1/0 on input line 375.
Package textcomp Info: Setting txr sub-encoding to TS1/0 on input line 376.
Package textcomp Info: Setting txss sub-encoding to TS1/0 on input line 377.
Package textcomp Info: Setting txtt sub-encoding to TS1/0 on input line 378.
Package textcomp Info: Setting lmr sub-encoding to TS1/0 on input line 379.
Package textcomp Info: Setting lmdh sub-encoding to TS1/0 on input line 380.
Package textcomp Info: Setting lmss sub-encoding to TS1/0 on input line 381.
Package textcomp Info: Setting lmssq sub-encoding to TS1/0 on input line 382.
Package textcomp Info: Setting lmvtt sub-encoding to TS1/0 on input line 383.
Package textcomp Info: Setting lmtt sub-encoding to TS1/0 on input line 384.
Package textcomp Info: Setting qhv sub-encoding to TS1/0 on input line 385.
Package textcomp Info: Setting qag sub-encoding to TS1/0 on input line 386.
Package textcomp Info: Setting qbk sub-encoding to TS1/0 on input line 387.
Package textcomp Info: Setting qcr sub-encoding to TS1/0 on input line 388.
Package textcomp Info: Setting qcs sub-encoding to TS1/0 on input line 389.
Package textcomp Info: Setting qpl sub-encoding to TS1/0 on input line 390.
Package textcomp Info: Setting qtm sub-encoding to TS1/0 on input line 391.
Package textcomp Info: Setting qzc sub-encoding to TS1/0 on input line 392.
Package textcomp Info: Setting qhvc sub-encoding to TS1/0 on input line 393.
Package textcomp Info: Setting futs sub-encoding to TS1/4 on input line 394.
Package textcomp Info: Setting futx sub-encoding to TS1/4 on input line 395.
Package textcomp Info: Setting futj sub-encoding to TS1/4 on input line 396.
Package textcomp Info: Setting hlh sub-encoding to TS1/3 on input line 397.
Package textcomp Info: Setting hls sub-encoding to TS1/3 on input line 398.
Package textcomp Info: Setting hlst sub-encoding to TS1/3 on input line 399.
Package textcomp Info: Setting hlct sub-encoding to TS1/5 on input line 400.
Package textcomp Info: Setting hlx sub-encoding to TS1/5 on input line 401.
Package textcomp Info: Setting hlce sub-encoding to TS1/5 on input line 402.
Package textcomp Info: Setting hlcn sub-encoding to TS1/5 on input line 403.
Package textcomp Info: Setting hlcw sub-encoding to TS1/5 on input line 404.
Package textcomp Info: Setting hlcf sub-encoding to TS1/5 on input line 405.
Package textcomp Info: Setting pplx sub-encoding to TS1/3 on input line 406.
Package textcomp Info: Setting pplj sub-encoding to TS1/3 on input line 407.
Package textcomp Info: Setting ptmx sub-encoding to TS1/4 on input line 408.
Package textcomp Info: Setting ptmj sub-encoding to TS1/4 on input line 409.
) ("C:\Users\sjsha\AppData\Local\Programs\MiKTeX 2.9\tex/latex/was\gensymb.sty"
Package: gensymb 2003/07/02 v1.0 (WaS)
)
("C:\Users\sjsha\AppData\Local\Programs\MiKTeX 2.9\tex/latex/bigints\bigints.st
y"
Package: bigints 2010/02/15 Writing big integrals
Package bigints Info: This is Bigints by Merciadri Luca. on input line 5.
)
("C:\Users\sjsha\AppData\Local\Programs\MiKTeX 2.9\tex/latex/booktabs\booktabs.
sty"
Package: booktabs 2005/04/14 v1.61803 publication quality tables
\heavyrulewidth=\dimen114
\lightrulewidth=\dimen115
\cmidrulewidth=\dimen116
\belowrulesep=\dimen117
\belowbottomsep=\dimen118
\aboverulesep=\dimen119
\abovetopsep=\dimen120
\cmidrulesep=\dimen121
\cmidrulekern=\dimen122
\defaultaddspace=\dimen123
\@cmidla=\count100
\@cmidlb=\count101
\@aboverulesep=\dimen124
\@belowrulesep=\dimen125
\@thisruleclass=\count102
\@lastruleclass=\count103
\@thisrulewidth=\dimen126
)
("C:\Users\sjsha\AppData\Local\Programs\MiKTeX 2.9\tex/latex/xcolor\xcolor.sty"
Package: xcolor 2016/05/11 v2.12 LaTeX color extensions (UK)

("C:\Users\sjsha\AppData\Local\Programs\MiKTeX 2.9\tex/latex/graphics-cfg\color
.cfg"
File: color.cfg 2016/01/02 v1.6 sample color configuration
)
Package xcolor Info: Driver file: pdftex.def on input line 225.
Package xcolor Info: Model `cmy' substituted by `cmy0' on input line 1348.
Package xcolor Info: Model `hsb' substituted by `rgb' on input line 1352.
Package xcolor Info: Model `RGB' extended on input line 1364.
Package xcolor Info: Model `HTML' substituted by `rgb' on input line 1366.
Package xcolor Info: Model `Hsb' substituted by `hsb' on input line 1367.
Package xcolor Info: Model `tHsb' substituted by `hsb' on input line 1368.
Package xcolor Info: Model `HSB' substituted by `hsb' on input line 1369.
Package xcolor Info: Model `Gray' substituted by `gray' on input line 1370.
Package xcolor Info: Model `wave' substituted by `hsb' on input line 1371.
)
("C:\Users\sjsha\AppData\Local\Programs\MiKTeX 2.9\tex/latex/float\float.sty"
Package: float 2001/11/08 v1.3d Float enhancements (AL)
\c@float@type=\count104
\float@exts=\toks20
\float@box=\box29
\@float@everytoks=\toks21
\@floatcapt=\box30
)
("C:\Users\sjsha\AppData\Local\Programs\MiKTeX 2.9\tex/latex/caption\caption.st
y"
Package: caption 2018/10/06 v3.3-154 Customizing captions (AR)

("C:\Users\sjsha\AppData\Local\Programs\MiKTeX 2.9\tex/latex/caption\caption3.s
ty"
Package: caption3 2018/09/12 v1.8c caption3 kernel (AR)
Package caption3 Info: TeX engine: e-TeX on input line 64.
\captionmargin=\dimen127
\captionmargin@=\dimen128
\captionwidth=\dimen129
\caption@tempdima=\dimen130
\caption@indent=\dimen131
\caption@parindent=\dimen132
\caption@hangindent=\dimen133
)
\c@caption@flags=\count105
\c@ContinuedFloat=\count106
Package caption Info: float package is loaded.
)
("C:\Users\sjsha\AppData\Local\Programs\MiKTeX 2.9\tex/latex/natbib\natbib.sty"
Package: natbib 2010/09/13 8.31b (PWD, AO)
\bibhang=\skip46
\bibsep=\skip47
LaTeX Info: Redefining \cite on input line 694.
\c@NAT@ctr=\count107
)
("C:\Users\sjsha\AppData\Local\Programs\MiKTeX 2.9\tex/latex/tocbibind\tocbibin
d.sty"
Package: tocbibind 2010/10/13 v1.5k extra ToC listings
Package tocbibind Info: The document has section divisions on input line 50.


Package tocbibind Note: Using section or other style headings.

)
("C:\Users\sjsha\AppData\Local\Programs\MiKTeX 2.9\tex/latex/parskip\parskip.st
y"
Package: parskip 2019-01-16 v2.0c non-zero parskip adjustments

("C:\Users\sjsha\AppData\Local\Programs\MiKTeX 2.9\tex/latex/oberdiek\kvoptions
.sty"
Package: kvoptions 2016/05/16 v3.12 Key value format for package options (HO)

("C:\Users\sjsha\AppData\Local\Programs\MiKTeX 2.9\tex/generic/oberdiek\ltxcmds
.sty"
Package: ltxcmds 2016/05/16 v1.23 LaTeX kernel commands for general use (HO)
)
("C:\Users\sjsha\AppData\Local\Programs\MiKTeX 2.9\tex/generic/oberdiek\kvsetke
ys.sty"
Package: kvsetkeys 2016/05/16 v1.17 Key value parser (HO)

("C:\Users\sjsha\AppData\Local\Programs\MiKTeX 2.9\tex/generic/oberdiek\infware
rr.sty"
Package: infwarerr 2016/05/16 v1.4 Providing info/warning/error messages (HO)
)
("C:\Users\sjsha\AppData\Local\Programs\MiKTeX 2.9\tex/generic/oberdiek\etexcmd
s.sty"
Package: etexcmds 2016/05/16 v1.6 Avoid name clashes with e-TeX commands (HO)

("C:\Users\sjsha\AppData\Local\Programs\MiKTeX 2.9\tex/generic/oberdiek\ifluate
x.sty"
Package: ifluatex 2016/05/16 v1.4 Provides the ifluatex switch (HO)
Package ifluatex Info: LuaTeX not detected.
))))
("C:\Users\sjsha\AppData\Local\Programs\MiKTeX 2.9\tex/latex/etoolbox\etoolbox.
sty"
Package: etoolbox 2018/08/19 v2.5f e-TeX tools for LaTeX (JAW)
\etb@tempcnta=\count108
))
("C:\Users\sjsha\AppData\Local\Programs\MiKTeX 2.9\tex/latex/tools\indentfirst.
sty"
Package: indentfirst 1995/11/23 v1.03 Indent first paragraph (DPC)
)
("C:\Users\sjsha\AppData\Local\Programs\MiKTeX 2.9\tex/latex/psnfss\helvet.sty"
Package: helvet 2005/04/12 PSNFSS-v9.2a (WaS) 
)
("C:\Users\sjsha\AppData\Local\Programs\MiKTeX 2.9\tex/latex/placeins\placeins.
sty"
Package: placeins 2005/04/18  v 2.2
)
("C:\Users\sjsha\AppData\Local\Programs\MiKTeX 2.9\tex/latex/fancyhdr\fancyhdr.
sty"
Package: fancyhdr 2019/01/31 v3.10 Extensive control of page headers and footer
s
\f@nch@headwidth=\skip48
\f@nch@O@elh=\skip49
\f@nch@O@erh=\skip50
\f@nch@O@olh=\skip51
\f@nch@O@orh=\skip52
\f@nch@O@elf=\skip53
\f@nch@O@erf=\skip54
\f@nch@O@olf=\skip55
\f@nch@O@orf=\skip56
)
("C:\Users\sjsha\AppData\Local\Programs\MiKTeX 2.9\tex/latex/hyperref\hyperref.
sty"
Package: hyperref 2018/11/30 v6.88e Hypertext links for LaTeX

("C:\Users\sjsha\AppData\Local\Programs\MiKTeX 2.9\tex/generic/oberdiek\hobsub-
hyperref.sty"
Package: hobsub-hyperref 2016/05/16 v1.14 Bundle oberdiek, subset hyperref (HO)


("C:\Users\sjsha\AppData\Local\Programs\MiKTeX 2.9\tex/generic/oberdiek\hobsub-
generic.sty"
Package: hobsub-generic 2016/05/16 v1.14 Bundle oberdiek, subset generic (HO)
Package: hobsub 2016/05/16 v1.14 Construct package bundles (HO)
Package hobsub Info: Skipping package `infwarerr' (already loaded).
Package hobsub Info: Skipping package `ltxcmds' (already loaded).
Package hobsub Info: Skipping package `ifluatex' (already loaded).
Package: ifvtex 2016/05/16 v1.6 Detect VTeX and its facilities (HO)
Package ifvtex Info: VTeX not detected.
Package: intcalc 2016/05/16 v1.2 Expandable calculations with integers (HO)
Package: ifpdf 2018/09/07 v3.3 Provides the ifpdf switch
Package hobsub Info: Skipping package `etexcmds' (already loaded).
Package hobsub Info: Skipping package `kvsetkeys' (already loaded).
Package: kvdefinekeys 2016/05/16 v1.4 Define keys (HO)
Package: pdftexcmds 2018/09/10 v0.29 Utility functions of pdfTeX for LuaTeX (HO
)
Package pdftexcmds Info: LuaTeX not detected.
Package pdftexcmds Info: \pdf@primitive is available.
Package pdftexcmds Info: \pdf@ifprimitive is available.
Package pdftexcmds Info: \pdfdraftmode found.
Package: pdfescape 2016/05/16 v1.14 Implements pdfTeX's escape features (HO)
Package: bigintcalc 2016/05/16 v1.4 Expandable calculations on big integers (HO
)
Package: bitset 2016/05/16 v1.2 Handle bit-vector datatype (HO)
Package: uniquecounter 2016/05/16 v1.3 Provide unlimited unique counter (HO)
)
Package hobsub Info: Skipping package `hobsub' (already loaded).
Package: letltxmacro 2016/05/16 v1.5 Let assignment for LaTeX macros (HO)
Package: hopatch 2016/05/16 v1.3 Wrapper for package hooks (HO)
Package: xcolor-patch 2016/05/16 xcolor patch
Package: atveryend 2016/05/16 v1.9 Hooks at the very end of document (HO)
Package: atbegshi 2016/06/09 v1.18 At begin shipout hook (HO)
Package: refcount 2016/05/16 v3.5 Data extraction from label references (HO)
Package: hycolor 2016/05/16 v1.8 Color options for hyperref/bookmark (HO)
)
("C:\Users\sjsha\AppData\Local\Programs\MiKTeX 2.9\tex/generic/ifxetex\ifxetex.
sty"
Package: ifxetex 2010/09/12 v0.6 Provides ifxetex conditional
)
("C:\Users\sjsha\AppData\Local\Programs\MiKTeX 2.9\tex/latex/oberdiek\auxhook.s
ty"
Package: auxhook 2016/05/16 v1.4 Hooks for auxiliary files (HO)
)
\@linkdim=\dimen134
\Hy@linkcounter=\count109
\Hy@pagecounter=\count110

("C:\Users\sjsha\AppData\Local\Programs\MiKTeX 2.9\tex/latex/hyperref\pd1enc.de
f"
File: pd1enc.def 2018/11/30 v6.88e Hyperref: PDFDocEncoding definition (HO)
Now handling font encoding PD1 ...
... no UTF-8 mapping file for font encoding PD1
)
\Hy@SavedSpaceFactor=\count111

("C:\Users\sjsha\AppData\Local\Programs\MiKTeX 2.9\tex/latex/00miktex\hyperref.
cfg"
File: hyperref.cfg 2002/06/06 v1.2 hyperref configuration of TeXLive
)
Package hyperref Info: Hyper figures OFF on input line 4519.
Package hyperref Info: Link nesting OFF on input line 4524.
Package hyperref Info: Hyper index ON on input line 4527.
Package hyperref Info: Plain pages OFF on input line 4534.
Package hyperref Info: Backreferencing OFF on input line 4539.
Package hyperref Info: Implicit mode ON; LaTeX internals redefined.
Package hyperref Info: Bookmarks ON on input line 4772.
\c@Hy@tempcnt=\count112
 ("C:\Users\sjsha\AppData\Local\Programs\MiKTeX 2.9\tex/latex/url\url.sty"
\Urlmuskip=\muskip11
Package: url 2013/09/16  ver 3.4  Verb mode for urls, etc.
)
LaTeX Info: Redefining \url on input line 5125.
\XeTeXLinkMargin=\dimen135
\Fld@menulength=\count113
\Field@Width=\dimen136
\Fld@charsize=\dimen137
Package hyperref Info: Hyper figures OFF on input line 6380.
Package hyperref Info: Link nesting OFF on input line 6385.
Package hyperref Info: Hyper index ON on input line 6388.
Package hyperref Info: backreferencing OFF on input line 6395.
Package hyperref Info: Link coloring OFF on input line 6400.
Package hyperref Info: Link coloring with OCG OFF on input line 6405.
Package hyperref Info: PDF/A mode OFF on input line 6410.
LaTeX Info: Redefining \ref on input line 6450.
LaTeX Info: Redefining \pageref on input line 6454.
\Hy@abspage=\count114
\c@Item=\count115
\c@Hfootnote=\count116
)
Package hyperref Info: Driver (autodetected): hpdftex.

("C:\Users\sjsha\AppData\Local\Programs\MiKTeX 2.9\tex/latex/hyperref\hpdftex.d
ef"
File: hpdftex.def 2018/11/30 v6.88e Hyperref driver for pdfTeX
\Fld@listcount=\count117
\c@bookmark@seq@number=\count118

("C:\Users\sjsha\AppData\Local\Programs\MiKTeX 2.9\tex/latex/oberdiek\rerunfile
check.sty"
Package: rerunfilecheck 2016/05/16 v1.8 Rerun checks for auxiliary files (HO)
Package uniquecounter Info: New unique counter `rerunfilecheck' on input line 2
82.
)
\Hy@SectionHShift=\skip57
) (509Thesis.aux)
\openout1 = `509Thesis.aux'.

LaTeX Font Info:    Checking defaults for OML/cmm/m/it on input line 31.
LaTeX Font Info:    ... okay on input line 31.
LaTeX Font Info:    Checking defaults for T1/cmr/m/n on input line 31.
LaTeX Font Info:    ... okay on input line 31.
LaTeX Font Info:    Checking defaults for OT1/cmr/m/n on input line 31.
LaTeX Font Info:    ... okay on input line 31.
LaTeX Font Info:    Checking defaults for OMS/cmsy/m/n on input line 31.
LaTeX Font Info:    ... okay on input line 31.
LaTeX Font Info:    Checking defaults for OMX/cmex/m/n on input line 31.
LaTeX Font Info:    ... okay on input line 31.
LaTeX Font Info:    Checking defaults for U/cmr/m/n on input line 31.
LaTeX Font Info:    ... okay on input line 31.
LaTeX Font Info:    Checking defaults for TS1/cmr/m/n on input line 31.
LaTeX Font Info:    Try loading font information for TS1+cmr on input line 31.

("C:\Users\sjsha\AppData\Local\Programs\MiKTeX 2.9\tex/latex/base\ts1cmr.fd"
File: ts1cmr.fd 2014/09/29 v2.5h Standard LaTeX font definitions
)
LaTeX Font Info:    ... okay on input line 31.
LaTeX Font Info:    Checking defaults for PD1/pdf/m/n on input line 31.
LaTeX Font Info:    ... okay on input line 31.
LaTeX Font Info:    Try loading font information for OT1+phv on input line 31.

("C:\Users\sjsha\AppData\Local\Programs\MiKTeX 2.9\tex/latex/psnfss\ot1phv.fd"
File: ot1phv.fd 2001/06/04 scalable font definitions for OT1/phv.
)
("C:\Users\sjsha\AppData\Local\Programs\MiKTeX 2.9\tex/context/base/mkii\supp-p
df.mkii"
[Loading MPS to PDF converter (version 2006.09.02).]
\scratchcounter=\count119
\scratchdimen=\dimen138
\scratchbox=\box31
\nofMPsegments=\count120
\nofMParguments=\count121
\everyMPshowfont=\toks22
\MPscratchCnt=\count122
\MPscratchDim=\dimen139
\MPnumerator=\count123
\makeMPintoPDFobject=\count124
\everyMPtoPDFconversion=\toks23
)
("C:\Users\sjsha\AppData\Local\Programs\MiKTeX 2.9\tex/latex/oberdiek\epstopdf-
base.sty"
Package: epstopdf-base 2016/05/15 v2.6 Base part for package epstopdf

("C:\Users\sjsha\AppData\Local\Programs\MiKTeX 2.9\tex/latex/oberdiek\grfext.st
y"
Package: grfext 2016/05/16 v1.2 Manage graphics extensions (HO)
)
Package epstopdf-base Info: Redefining graphics rule for `.eps' on input line 4
38.
Package grfext Info: Graphics extension search list:
(grfext)             [.pdf,.png,.jpg,.mps,.jpeg,.jbig2,.jb2,.PDF,.PNG,.JPG,.JPE
G,.JBIG2,.JB2,.eps]
(grfext)             \AppendGraphicsExtensions on input line 456.
)
\symgns@font=\mathgroup6
LaTeX Font Info:    Overwriting symbol font `gns@font' in version `bold'
(Font)                  TS1/phv/m/n --> TS1/phv/bx/n on input line 31.
Package gensymb Info: Math companion symbols declared on input line 31.
LaTeX Info: Redefining \degree on input line 31.
LaTeX Info: Redefining \celsius on input line 31.
Package gensymb Info: Using text companion symbols for \degree, \celsius and \p
erthousand on input line 31.
LaTeX Info: Redefining \ohm on input line 31.
Package gensymb Info: Using \textohm for \ohm on input line 31.
Package gensymb Info: Using \textmu for \micro on input line 31.
Package caption Info: Begin \AtBeginDocument code.
Package caption Info: hyperref package is loaded.
Package caption Info: End \AtBeginDocument code.
\AtBeginShipoutBox=\box32
Package hyperref Info: Link coloring OFF on input line 31.

("C:\Users\sjsha\AppData\Local\Programs\MiKTeX 2.9\tex/latex/hyperref\nameref.s
ty"
Package: nameref 2016/05/21 v2.44 Cross-referencing by name of section

("C:\Users\sjsha\AppData\Local\Programs\MiKTeX 2.9\tex/generic/oberdiek\gettitl
estring.sty"
Package: gettitlestring 2016/05/16 v1.5 Cleanup title references (HO)
)
\c@section@level=\count125
)
LaTeX Info: Redefining \ref on input line 31.
LaTeX Info: Redefining \pageref on input line 31.
LaTeX Info: Redefining \nameref on input line 31.
 (509Thesis.out) (509Thesis.out)
\@outlinefile=\write3
\openout3 = `509Thesis.out'.

LaTeX Font Info:    Try loading font information for U+msa on input line 36.

("C:\Users\sjsha\AppData\Local\Programs\MiKTeX 2.9\tex/latex/amsfonts\umsa.fd"
File: umsa.fd 2013/01/14 v3.01 AMS symbols A
)
LaTeX Font Info:    Try loading font information for U+msb on input line 36.
("C:\Users\sjsha\AppData\Local\Programs\MiKTeX 2.9\tex/latex/amsfonts\umsb.fd"
File: umsb.fd 2013/01/14 v3.01 AMS symbols B
)
LaTeX Font Info:    Try loading font information for TS1+phv on input line 36.
("C:\Users\sjsha\AppData\Local\Programs\MiKTeX 2.9\tex/latex/psnfss\ts1phv.fd"
File: ts1phv.fd 2001/06/04 scalable font definitions for TS1/phv.
) [1

{C:/Users/sjsha/AppData/Local/MiKTeX/2.9/pdftex/config/pdftex.map}]
LaTeX Font Info:    Font shape `OT1/phv/bx/n' in size <17.28> not available
(Font)              Font shape `OT1/phv/b/n' tried instead on input line 40.

(509Thesis.toc
LaTeX Font Info:    Font shape `OT1/phv/bx/n' in size <12> not available
(Font)              Font shape `OT1/phv/b/n' tried instead on input line 1.
)
\tf@toc=\write4
\openout4 = `509Thesis.toc'.

 [1

] (509Thesis.lof [1])
\tf@lof=\write5
\openout5 = `509Thesis.lof'.

 [2] [3] [4] [5]
LaTeX Font Info:    Font shape `OT1/phv/bx/n' in size <14.4> not available
(Font)              Font shape `OT1/phv/b/n' tried instead on input line 79.
 [6] [7] [8]
<Figures/FD3InputModel.png, id=324, 421.575pt x 316.3017pt>
File: Figures/FD3InputModel.png Graphic file (type png)
<use Figures/FD3InputModel.png>
Package pdftex.def Info: Figures/FD3InputModel.png  used on input line 133.
(pdftex.def)             Requested size: 312.00119pt x 234.09337pt.
<Figures/FD3XComponentGather.png, id=325, 422.0568pt x 316.5426pt>
File: Figures/FD3XComponentGather.png Graphic file (type png)
<use Figures/FD3XComponentGather.png>
Package pdftex.def Info: Figures/FD3XComponentGather.png  used on input line 14
0.
(pdftex.def)             Requested size: 312.00119pt x 234.01083pt.
<Figures/FD3ReformattedGather.png, id=328, 422.0568pt x 316.5426pt>
File: Figures/FD3ReformattedGather.png Graphic file (type png)
<use Figures/FD3ReformattedGather.png>
Package pdftex.def Info: Figures/FD3ReformattedGather.png  used on input line 1
49.
(pdftex.def)             Requested size: 312.00119pt x 234.01083pt.
 [9 <./Figures/FD3InputModel.png (PNG copy)>]
<Figures/FD3TraceswithGainCorrection.png, id=335, 422.0568pt x 316.5426pt>
File: Figures/FD3TraceswithGainCorrection.png Graphic file (type png)
<use Figures/FD3TraceswithGainCorrection.png>
Package pdftex.def Info: Figures/FD3TraceswithGainCorrection.png  used on input
 line 158.
(pdftex.def)             Requested size: 312.00119pt x 234.01083pt.
 [10 <./Figures/FD3XComponentGather.png>]
[11 <./Figures/FD3ReformattedGather.png>]
<Figures/FD3NMOCorrection.png, id=354, 422.0568pt x 316.5426pt>
File: Figures/FD3NMOCorrection.png Graphic file (type png)
<use Figures/FD3NMOCorrection.png>
Package pdftex.def Info: Figures/FD3NMOCorrection.png  used on input line 187.
(pdftex.def)             Requested size: 312.00119pt x 234.01083pt.
<Figures/FD3StackedTrace.png, id=357, 421.575pt x 316.3017pt>
File: Figures/FD3StackedTrace.png Graphic file (type png)
<use Figures/FD3StackedTrace.png>
Package pdftex.def Info: Figures/FD3StackedTrace.png  used on input line 196.
(pdftex.def)             Requested size: 312.00119pt x 234.09337pt.
<Figures/FD3SeveralSynthetics.png, id=358, 421.575pt x 316.3017pt>
File: Figures/FD3SeveralSynthetics.png Graphic file (type png)
<use Figures/FD3SeveralSynthetics.png>
Package pdftex.def Info: Figures/FD3SeveralSynthetics.png  used on input line 2
03.
(pdftex.def)             Requested size: 312.00119pt x 234.09337pt.
 [12 <./Figures/FD3TraceswithGainCorrection.png>]
<Figures/FD3Movie_132.png, id=366, 387.6081pt x 120.45pt>
File: Figures/FD3Movie_132.png Graphic file (type png)
<use Figures/FD3Movie_132.png>
Package pdftex.def Info: Figures/FD3Movie_132.png  used on input line 214.
(pdftex.def)             Requested size: 350.99762pt x 109.07666pt.
<Figures/FD3InputWavelet.png, id=367, 421.575pt x 316.3017pt>
File: Figures/FD3InputWavelet.png Graphic file (type png)
<use Figures/FD3InputWavelet.png>
Package pdftex.def Info: Figures/FD3InputWavelet.png  used on input line 221.
(pdftex.def)             Requested size: 312.00119pt x 234.09337pt.
 [13 <./Figures/FD3NMOCorrection.png>] [14 <./Figures/FD3StackedTrace.png (PNG 
copy)>] [15 <./Figures/FD3SeveralSynthetics.png (PNG copy)> <./Figures/FD3Movie
_132.png>] [16 <./Figures/FD3InputWavelet.png (PNG copy)>]
<Figures/RT3AllRayPath.png, id=391, 421.575pt x 316.3017pt>
File: Figures/RT3AllRayPath.png Graphic file (type png)
<use Figures/RT3AllRayPath.png>
Package pdftex.def Info: Figures/RT3AllRayPath.png  used on input line 256.
(pdftex.def)             Requested size: 312.00119pt x 234.09337pt.
 [17

]
<Figures/RT3InterpolatedRayPath.png, id=402, 421.575pt x 316.3017pt>
File: Figures/RT3InterpolatedRayPath.png Graphic file (type png)
<use Figures/RT3InterpolatedRayPath.png>
Package pdftex.def Info: Figures/RT3InterpolatedRayPath.png  used on input line
 265.
(pdftex.def)             Requested size: 312.00119pt x 234.09337pt.
<Figures/RT3AnglevDepth.png, id=403, 421.575pt x 316.3017pt>
File: Figures/RT3AnglevDepth.png Graphic file (type png)
<use Figures/RT3AnglevDepth.png>
Package pdftex.def Info: Figures/RT3AnglevDepth.png  used on input line 272.
(pdftex.def)             Requested size: 312.00119pt x 234.09337pt.
<Figures/RT3ReflectivitySeries.png, id=407, 421.575pt x 316.3017pt>
File: Figures/RT3ReflectivitySeries.png Graphic file (type png)
<use Figures/RT3ReflectivitySeries.png>
Package pdftex.def Info: Figures/RT3ReflectivitySeries.png  used on input line 
281.
(pdftex.def)             Requested size: 312.00119pt x 234.09337pt.

[18 <./Figures/RT3AllRayPath.png (PNG copy)>]
<Figures/RT3SyntheticSeismogram.png, id=417, 421.575pt x 316.3017pt>
File: Figures/RT3SyntheticSeismogram.png Graphic file (type png)
<use Figures/RT3SyntheticSeismogram.png>
Package pdftex.def Info: Figures/RT3SyntheticSeismogram.png  used on input line
 292.
(pdftex.def)             Requested size: 312.00119pt x 234.09337pt.
<Figures/RT3SeveralSynthetics.png, id=418, 421.575pt x 316.3017pt>
File: Figures/RT3SeveralSynthetics.png Graphic file (type png)
<use Figures/RT3SeveralSynthetics.png>
Package pdftex.def Info: Figures/RT3SeveralSynthetics.png  used on input line 2
99.
(pdftex.def)             Requested size: 312.00119pt x 234.09337pt.
<Figures/RT3LogsinTime.png, id=419, 421.575pt x 316.3017pt>
File: Figures/RT3LogsinTime.png Graphic file (type png)
<use Figures/RT3LogsinTime.png>
Package pdftex.def Info: Figures/RT3LogsinTime.png  used on input line 306.
(pdftex.def)             Requested size: 312.00119pt x 234.09337pt.
 [19 <./Figures/RT3InterpolatedRayPath.png (PNG copy)>] [20 <./Figures/RT3Angle
vDepth.png (PNG copy)> <./Figures/RT3ReflectivitySeries.png (PNG copy)>] [21 <.
/Figures/RT3SyntheticSeismogram.png (PNG copy)> <./Figures/RT3SeveralSynthetics
.png (PNG copy)>] [22 <./Figures/RT3LogsinTime.png (PNG copy)>]
<Figures/duvernayLogs.jpg, id=450, 1104.125pt x 843.15pt>
File: Figures/duvernayLogs.jpg Graphic file (type jpg)
<use Figures/duvernayLogs.jpg>
Package pdftex.def Info: Figures/duvernayLogs.jpg  used on input line 323.
(pdftex.def)             Requested size: 350.99762pt x 268.03809pt.
<Figures/FDCsmoothLog.png, id=457, 421.575pt x 316.3017pt>
File: Figures/FDCsmoothLog.png Graphic file (type png)
<use Figures/FDCsmoothLog.png>
Package pdftex.def Info: Figures/FDCsmoothLog.png  used on input line 332.
(pdftex.def)             Requested size: 312.00119pt x 234.09337pt.
 [23

]
<Figures/FDCXgather.png, id=470, 422.0568pt x 316.5426pt>
File: Figures/FDCXgather.png Graphic file (type png)
<use Figures/FDCXgather.png>
Package pdftex.def Info: Figures/FDCXgather.png  used on input line 341.
(pdftex.def)             Requested size: 272.99881pt x 204.76009pt.
<Figures/FDCstack.png, id=474, 421.575pt x 316.3017pt>
File: Figures/FDCstack.png Graphic file (type png)
<use Figures/FDCstack.png>
Package pdftex.def Info: Figures/FDCstack.png  used on input line 350.
(pdftex.def)             Requested size: 272.99881pt x 204.83109pt.
<Figures/RTCLayers.png, id=477, 421.575pt x 316.3017pt>
File: Figures/RTCLayers.png Graphic file (type png)
<use Figures/RTCLayers.png>
Package pdftex.def Info: Figures/RTCLayers.png  used on input line 359.
(pdftex.def)             Requested size: 272.99881pt x 204.83109pt.
 [24 <./Figures/duvernayLogs.jpg>]

LaTeX Warning: Text page 25 contains only floats.

[25 <./Figures/FDCsmoothLog.png (PNG copy)> <./Figures/FDCXgather.png>]
[26 <./Figures/FDCstack.png (PNG copy)> <./Figures/RTCLayers.png (PNG copy)>]
<Figures/RTCinterp.png, id=492, 421.575pt x 316.3017pt>
File: Figures/RTCinterp.png Graphic file (type png)
<use Figures/RTCinterp.png>
Package pdftex.def Info: Figures/RTCinterp.png  used on input line 372.
(pdftex.def)             Requested size: 312.00119pt x 234.09337pt.
<Figures/RTCrefseries.png, id=496, 421.575pt x 316.3017pt>
File: Figures/RTCrefseries.png Graphic file (type png)
<use Figures/RTCrefseries.png>
Package pdftex.def Info: Figures/RTCrefseries.png  used on input line 381.
(pdftex.def)             Requested size: 312.00119pt x 234.09337pt.
<Figures/RTCsynthetic.png, id=497, 421.575pt x 316.3017pt>
File: Figures/RTCsynthetic.png Graphic file (type png)
<use Figures/RTCsynthetic.png>
Package pdftex.def Info: Figures/RTCsynthetic.png  used on input line 388.
(pdftex.def)             Requested size: 312.00119pt x 234.09337pt.
<Figures/RTCtimelogs.png, id=498, 421.575pt x 316.3017pt>
File: Figures/RTCtimelogs.png Graphic file (type png)
<use Figures/RTCtimelogs.png>
Package pdftex.def Info: Figures/RTCtimelogs.png  used on input line 395.
(pdftex.def)             Requested size: 312.00119pt x 234.09337pt.

[27] [28 <./Figures/RTCinterp.png (PNG copy)> <./Figures/RTCrefseries.png (PNG 
copy)>] [29 <./Figures/RTCsynthetic.png (PNG copy)> <./Figures/RTCtimelogs.png 
(PNG copy)>]
<Figures/FCseis.jpg, id=515, 1104.125pt x 973.6375pt>
File: Figures/FCseis.jpg Graphic file (type jpg)
<use Figures/FCseis.jpg>
Package pdftex.def Info: Figures/FCseis.jpg  used on input line 407.
(pdftex.def)             Requested size: 234.00238pt x 206.34183pt.
 [30

 <./Figures/FCseis.jpg>]
<Figures/FDseis.jpg, id=525, 931.68076pt x 498.663pt>
File: Figures/FDseis.jpg Graphic file (type jpg)
<use Figures/FDseis.jpg>
Package pdftex.def Info: Figures/FDseis.jpg  used on input line 418.
(pdftex.def)             Requested size: 350.99762pt x 187.86559pt.
<Figures/RTseis.jpg, id=531, 949.74825pt x 504.6855pt>
File: Figures/RTseis.jpg Graphic file (type jpg)
<use Figures/RTseis.jpg>
Package pdftex.def Info: Figures/RTseis.jpg  used on input line 427.
(pdftex.def)             Requested size: 350.99762pt x 186.51508pt.
 [31]

LaTeX Warning: Text page 32 contains only floats.

[32 <./Figures/FDseis.jpg> <./Figures/RTseis.jpg>]
<Figures/RTseisr.jpg, id=546, 947.33925pt x 507.69675pt>
File: Figures/RTseisr.jpg Graphic file (type jpg)
<use Figures/RTseisr.jpg>
Package pdftex.def Info: Figures/RTseisr.jpg  used on input line 436.
(pdftex.def)             Requested size: 350.99762pt x 188.10825pt.
 [33 <./Figures/RTseisr.jpg>] [34] [35] (509Thesis.bbl
LaTeX Font Info:    Font shape `OT1/phv/m/it' in size <12> not available
(Font)              Font shape `OT1/phv/m/sl' tried instead on input line 10.
 [36] [37]) [38]
<Figures/FInputModel.png, id=577, 421.575pt x 316.3017pt>
File: Figures/FInputModel.png Graphic file (type png)
<use Figures/FInputModel.png>
Package pdftex.def Info: Figures/FInputModel.png  used on input line 465.
(pdftex.def)             Requested size: 312.00119pt x 234.09337pt.
 [39 <./Figures/FInputModel.png (PNG copy)>]
<Figures/FDCgain.png, id=582, 422.0568pt x 316.5426pt>
File: Figures/FDCgain.png Graphic file (type png)
<use Figures/FDCgain.png>
Package pdftex.def Info: Figures/FDCgain.png  used on input line 476.
(pdftex.def)             Requested size: 272.99881pt x 204.76009pt.
<Figures/FDCnmo.png, id=583, 422.0568pt x 316.5426pt>
File: Figures/FDCnmo.png Graphic file (type png)
<use Figures/FDCnmo.png>
Package pdftex.def Info: Figures/FDCnmo.png  used on input line 483.
(pdftex.def)             Requested size: 272.99881pt x 204.76009pt.
<Figures/FDCseveralstack.png, id=584, 421.575pt x 316.3017pt>
File: Figures/FDCseveralstack.png Graphic file (type png)
<use Figures/FDCseveralstack.png>
Package pdftex.def Info: Figures/FDCseveralstack.png  used on input line 490.
(pdftex.def)             Requested size: 272.99881pt x 204.83109pt.
 [40 <./Figures/FDCgain.png> <./Figures/FDCnmo.png>]
<Figures/RTCDv.png, id=591, 421.575pt x 316.3017pt>
File: Figures/RTCDv.png Graphic file (type png)
<use Figures/RTCDv.png>
Package pdftex.def Info: Figures/RTCDv.png  used on input line 499.
(pdftex.def)             Requested size: 272.99881pt x 204.83109pt.
<Figures/RTCSeveralSynthetics.png, id=592, 421.575pt x 316.3017pt>
File: Figures/RTCSeveralSynthetics.png Graphic file (type png)
<use Figures/RTCSeveralSynthetics.png>
Package pdftex.def Info: Figures/RTCSeveralSynthetics.png  used on input line 5
06.
(pdftex.def)             Requested size: 272.99881pt x 204.83109pt.
 [41 <./Figures/FDCseveralstack.png (PNG copy)> <./Figures/RTCDv.png (PNG copy)
>]
<Figures/FDCZgather.png, id=598, 422.0568pt x 316.5426pt>
File: Figures/FDCZgather.png Graphic file (type png)
<use Figures/FDCZgather.png>
Package pdftex.def Info: Figures/FDCZgather.png  used on input line 516.
(pdftex.def)             Requested size: 272.99881pt x 204.76009pt.
<Figures/FDCgainPP.png, id=599, 422.0568pt x 316.5426pt>
File: Figures/FDCgainPP.png Graphic file (type png)
<use Figures/FDCgainPP.png>
Package pdftex.def Info: Figures/FDCgainPP.png  used on input line 523.
(pdftex.def)             Requested size: 272.99881pt x 204.76009pt.
<Figures/FDCnmoPP.png, id=600, 422.0568pt x 316.5426pt>
File: Figures/FDCnmoPP.png Graphic file (type png)
<use Figures/FDCnmoPP.png>
Package pdftex.def Info: Figures/FDCnmoPP.png  used on input line 530.
(pdftex.def)             Requested size: 272.99881pt x 204.76009pt.
<Figures/FDCstackPP.png, id=601, 421.575pt x 316.3017pt>
File: Figures/FDCstackPP.png Graphic file (type png)
<use Figures/FDCstackPP.png>
Package pdftex.def Info: Figures/FDCstackPP.png  used on input line 537.
(pdftex.def)             Requested size: 272.99881pt x 204.83109pt.
<Figures/FDCseveralstackPP.png, id=602, 421.575pt x 316.3017pt>
File: Figures/FDCseveralstackPP.png Graphic file (type png)
<use Figures/FDCseveralstackPP.png>
Package pdftex.def Info: Figures/FDCseveralstackPP.png  used on input line 544.

(pdftex.def)             Requested size: 272.99881pt x 204.83109pt.
 [42 <./Figures/RTCSeveralSynthetics.png (PNG copy)> <./Figures/FDCZgather.png>
] [43 <./Figures/FDCgainPP.png> <./Figures/FDCnmoPP.png>] [44 <./Figures/FDCsta
ckPP.png (PNG copy)> <./Figures/FDCseveralstackPP.png (PNG copy)>]
<Figures/RTCinterpPP.png, id=618, 421.575pt x 316.3017pt>
File: Figures/RTCinterpPP.png Graphic file (type png)
<use Figures/RTCinterpPP.png>
Package pdftex.def Info: Figures/RTCinterpPP.png  used on input line 553.
(pdftex.def)             Requested size: 272.99881pt x 204.83109pt.
<Figures/RTCDvPP.png, id=619, 421.575pt x 316.3017pt>
File: Figures/RTCDvPP.png Graphic file (type png)
<use Figures/RTCDvPP.png>
Package pdftex.def Info: Figures/RTCDvPP.png  used on input line 560.
(pdftex.def)             Requested size: 272.99881pt x 204.83109pt.
<Figures/RTCrefseriesPP.png, id=620, 421.575pt x 316.3017pt>
File: Figures/RTCrefseriesPP.png Graphic file (type png)
<use Figures/RTCrefseriesPP.png>
Package pdftex.def Info: Figures/RTCrefseriesPP.png  used on input line 567.
(pdftex.def)             Requested size: 272.99881pt x 204.83109pt.
<Figures/RTCsyntheticPP.png, id=621, 421.575pt x 316.3017pt>
File: Figures/RTCsyntheticPP.png Graphic file (type png)
<use Figures/RTCsyntheticPP.png>
Package pdftex.def Info: Figures/RTCsyntheticPP.png  used on input line 574.
(pdftex.def)             Requested size: 272.99881pt x 204.83109pt.
<Figures/RTCSeveralSyntheticsPP.png, id=622, 421.575pt x 316.3017pt>
File: Figures/RTCSeveralSyntheticsPP.png Graphic file (type png)
<use Figures/RTCSeveralSyntheticsPP.png>
Package pdftex.def Info: Figures/RTCSeveralSyntheticsPP.png  used on input line
 581.
(pdftex.def)             Requested size: 272.99881pt x 204.83109pt.
<Figures/RTCtimelogsPP.png, id=623, 421.575pt x 316.3017pt>
File: Figures/RTCtimelogsPP.png Graphic file (type png)
<use Figures/RTCtimelogsPP.png>
Package pdftex.def Info: Figures/RTCtimelogsPP.png  used on input line 588.
(pdftex.def)             Requested size: 272.99881pt x 204.83109pt.
 [45

 <./Figures/RTCinterpPP.png (PNG copy)> <./Figures/RTCDvPP.png (PNG copy)>] [46
 <./Figures/RTCrefseriesPP.png (PNG copy)> <./Figures/RTCsyntheticPP.png (PNG c
opy)>] [47 <./Figures/RTCSeveralSyntheticsPP.png (PNG copy)> <./Figures/RTCtime
logsPP.png (PNG copy)>]
<Figures/RTCricker.png, id=637, 421.575pt x 316.3017pt>
File: Figures/RTCricker.png Graphic file (type png)
<use Figures/RTCricker.png>
Package pdftex.def Info: Figures/RTCricker.png  used on input line 597.
(pdftex.def)             Requested size: 272.99881pt x 204.83109pt.
<Figures/RTCsyntheticPPr.png, id=638, 421.575pt x 316.3017pt>
File: Figures/RTCsyntheticPPr.png Graphic file (type png)
<use Figures/RTCsyntheticPPr.png>
Package pdftex.def Info: Figures/RTCsyntheticPPr.png  used on input line 604.
(pdftex.def)             Requested size: 272.99881pt x 204.83109pt.
<Figures/RTCSeveralSyntheticsPPr.png, id=639, 421.575pt x 316.3017pt>
File: Figures/RTCSeveralSyntheticsPPr.png Graphic file (type png)
<use Figures/RTCSeveralSyntheticsPPr.png>
Package pdftex.def Info: Figures/RTCSeveralSyntheticsPPr.png  used on input lin
e 611.
(pdftex.def)             Requested size: 272.99881pt x 204.83109pt.

[48

 <./Figures/RTCricker.png (PNG copy)>]
Package atveryend Info: Empty hook `BeforeClearDocument' on input line 627.
 [49 <./Figures/RTCsyntheticPPr.png (PNG copy)> <./Figures/RTCSeveralSynthetics
PPr.png (PNG copy)>]
Package atveryend Info: Empty hook `AfterLastShipout' on input line 627.
 (509Thesis.aux)
Package atveryend Info: Executing hook `AtVeryEndDocument' on input line 627.
Package atveryend Info: Executing hook `AtEndAfterFileList' on input line 627.
Package rerunfilecheck Info: File `509Thesis.out' has not changed.
(rerunfilecheck)             Checksum: 5DFCA9BE0EA54ECFAA83D6EAF2733776;1114.
 ) 
Here is how much of TeX's memory you used:
 9670 strings out of 492946
 146900 string characters out of 3126266
 239906 words of memory out of 3000000
 13209 multiletter control sequences out of 15000+200000
 25433 words of font info for 64 fonts, out of 3000000 for 9000
 1141 hyphenation exceptions out of 8191
 37i,12n,43p,1498b,489s stack positions out of 5000i,500n,10000p,200000b,50000s
{C:/Users/sjsha/AppData/Local/Programs/MiKTeX 2.9/fonts/enc/dvips/base/8r.enc
}<C:/Users/sjsha/AppData/Local/Programs/MiKTeX 2.9/fonts/type1/public/amsfonts/
cm/cmmi12.pfb><C:/Users/sjsha/AppData/Local/Programs/MiKTeX 2.9/fonts/type1/pub
lic/amsfonts/cm/cmmi8.pfb><C:/Users/sjsha/AppData/Local/Programs/MiKTeX 2.9/fon
ts/type1/public/amsfonts/cm/cmr12.pfb><C:/Users/sjsha/AppData/Local/Programs/Mi
KTeX 2.9/fonts/type1/public/amsfonts/cm/cmr6.pfb><C:/Users/sjsha/AppData/Local/
Programs/MiKTeX 2.9/fonts/type1/public/amsfonts/cm/cmr8.pfb><C:/Users/sjsha/App
Data/Local/Programs/MiKTeX 2.9/fonts/type1/public/amsfonts/cm/cmsy10.pfb><C:/Us
ers/sjsha/AppData/Local/Programs/MiKTeX 2.9/fonts/type1/public/amsfonts/cm/cmsy
8.pfb><C:/Users/sjsha/AppData/Local/Programs/MiKTeX 2.9/fonts/type1/urw/helveti
c/uhvb8a.pfb><C:/Users/sjsha/AppData/Local/Programs/MiKTeX 2.9/fonts/type1/urw/
helvetic/uhvr8a.pfb><C:/Users/sjsha/AppData/Local/Programs/MiKTeX 2.9/fonts/typ
e1/urw/helvetic/uhvro8a.pfb>
Output written on 509Thesis.pdf (51 pages, 10632681 bytes).
PDF statistics:
 717 PDF objects out of 1000 (max. 8388607)
 155 named destinations out of 1000 (max. 500000)
 390 words of extra memory for PDF output out of 10000 (max. 10000000)

